
-----Timestamp: 2023-07-17 20:12:09-----
----------------------
IP: 5.161.84.59
Type: Source IP
Hop Count: 0
Geolocation: United States
ISP: AS213230 Hetzner Online GmbH
User Profiling: User profiling result
Security Checks: Security check result
--------------------------------------------------
IP: 192.168.200.187
Type: Destination IP
Hop Count: 0
Geolocation: Unknown
ISP: Unknown
User Profiling: User profiling result
Security Checks: Security check result
--------------------------------------------------
IP: 37.120.186.122
Type: Destination IP
Hop Count: 0
Geolocation: Germany
ISP: AS197540 netcup GmbH
User Profiling: User profiling result
Security Checks: Security check result
--------------------------------------------------
IP: 149.112.122.10
Type: Destination IP
Hop Count: 0
Geolocation: Canada
ISP: AS40568 CIRA Canadian Internet Registration Authority Autorit Canadienne pour les enregistrements Internet
User Profiling: User profiling result
Security Checks: Security check result
--------------------------------------------------
IP: 34.117.65.55
Type: Destination IP
Hop Count: 0
Geolocation: United States
ISP: AS396982 Google LLC
User Profiling: User profiling result
Security Checks: Security check result
--------------------------------------------------
IP: 140.82.112.3
Type: Destination IP
Hop Count: 0
Geolocation: United States
ISP: AS36459 GitHub, Inc.
User Profiling: User profiling result
Security Checks: Security check result
--------------------------------------------------
IP: 192.168.200.186
Type: Destination IP
Hop Count: 0
Geolocation: Unknown
ISP: Unknown
User Profiling: User profiling result
Security Checks: Security check result
--------------------------------------------------
IP: 224.0.0.251
Type: Destination IP
Hop Count: 0
Geolocation: Unknown
ISP: Unknown
User Profiling: User profiling result
Security Checks: Security check result
--------------------------------------------------
IP: 192.229.211.108
Type: Destination IP
Hop Count: 0
Geolocation: United States
ISP: AS15133 Edgecast Inc.
User Profiling: User profiling result
Security Checks: Security check result
--------------------------------------------------
IP: 34.107.221.82
Type: Destination IP
Hop Count: 0
Geolocation: United States
ISP: AS396982 Google LLC
User Profiling: User profiling result
Security Checks: Security check result
--------------------------------------------------
IP: 91.203.5.165
Type: Destination IP
Hop Count: 0
Geolocation: Ukraine
ISP: AS44820 Denis Pavlovich Semenyuk
User Profiling: User profiling result
Security Checks: Security check result
--------------------------------------------------

-----Timestamp: 2023-07-31 17:47:55-----
----------------------
IP: 5.161.84.59
Type: Source IP
Hop Count: 0
Geolocation: United States
ISP: AS213230 Hetzner Online GmbH
--------------------------------------------------
IP: 192.168.200.187
Type: Destination IP
Hop Count: 0
Geolocation: Unknown
ISP: Unknown
--------------------------------------------------
IP: 37.120.186.122
Type: Destination IP
Hop Count: 0
Geolocation: Germany
ISP: AS197540 netcup GmbH
--------------------------------------------------
IP: 149.112.122.10
Type: Destination IP
Hop Count: 0
Geolocation: Canada
ISP: AS40568 CIRA Canadian Internet Registration Authority Autorit Canadienne pour les enregistrements Internet
--------------------------------------------------
IP: 34.117.65.55
Type: Destination IP
Hop Count: 0
Geolocation: United States
ISP: AS396982 Google LLC
--------------------------------------------------
IP: 140.82.112.3
Type: Destination IP
Hop Count: 0
Geolocation: United States
ISP: AS36459 GitHub, Inc.
--------------------------------------------------
IP: 192.168.200.186
Type: Destination IP
Hop Count: 0
Geolocation: Unknown
ISP: Unknown
--------------------------------------------------
IP: 224.0.0.251
Type: Destination IP
Hop Count: 0
Geolocation: Unknown
ISP: Unknown
--------------------------------------------------
IP: 192.229.211.108
Type: Destination IP
Hop Count: 0
Geolocation: United States
ISP: AS15133 Edgecast Inc.
--------------------------------------------------
IP: 34.107.221.82
Type: Destination IP
Hop Count: 0
Geolocation: United States
ISP: AS396982 Google LLC
--------------------------------------------------
IP: 91.203.5.165
Type: Destination IP
Hop Count: 0
Geolocation: Ukraine
ISP: AS44820 Denis Pavlovich Semenyuk
--------------------------------------------------

-----Timestamp: 2023-07-31 18:05:50-----
----------------------
IP: 5.161.84.59
Type: Source IP
Hop Count: 0
Geolocation: United States
ISP: AS213230 Hetzner Online GmbH
--------------------------------------------------
IP: 192.168.200.187
Type: Destination IP
Hop Count: 0
Geolocation: Unknown
ISP: Unknown
--------------------------------------------------
IP: 37.120.186.122
Type: Destination IP
Hop Count: 0
Geolocation: Germany
ISP: AS197540 netcup GmbH
--------------------------------------------------
IP: 149.112.122.10
Type: Destination IP
Hop Count: 0
Geolocation: Canada
ISP: AS40568 CIRA Canadian Internet Registration Authority Autorit Canadienne pour les enregistrements Internet
--------------------------------------------------
IP: 34.117.65.55
Type: Destination IP
Hop Count: 0
Geolocation: United States
ISP: AS396982 Google LLC
--------------------------------------------------
IP: 140.82.112.3
Type: Destination IP
Hop Count: 0
Geolocation: United States
ISP: AS36459 GitHub, Inc.
--------------------------------------------------
IP: 192.168.200.186
Type: Destination IP
Hop Count: 0
Geolocation: Unknown
ISP: Unknown
--------------------------------------------------
IP: 224.0.0.251
Type: Destination IP
Hop Count: 0
Geolocation: Unknown
ISP: Unknown
--------------------------------------------------
IP: 192.229.211.108
Type: Destination IP
Hop Count: 0
Geolocation: United States
ISP: AS15133 Edgecast Inc.
--------------------------------------------------
IP: 34.107.221.82
Type: Destination IP
Hop Count: 0
Geolocation: United States
ISP: AS396982 Google LLC
--------------------------------------------------
IP: 91.203.5.165
Type: Destination IP
Hop Count: 0
Geolocation: Ukraine
ISP: AS44820 Denis Pavlovich Semenyuk
--------------------------------------------------

-----Timestamp: 2023-07-31 18:06:36-----
----------------------
IP: 5.161.84.59
Type: Source IP
Hop Count: 0
Geolocation: United States
ISP: AS213230 Hetzner Online GmbH
--------------------------------------------------
IP: 192.168.200.187
Type: Destination IP
Hop Count: 0
Geolocation: Unknown
ISP: Unknown
--------------------------------------------------
IP: 37.120.186.122
Type: Destination IP
Hop Count: 0
Geolocation: Germany
ISP: AS197540 netcup GmbH
--------------------------------------------------
IP: 149.112.122.10
Type: Destination IP
Hop Count: 0
Geolocation: Canada
ISP: AS40568 CIRA Canadian Internet Registration Authority Autorit Canadienne pour les enregistrements Internet
--------------------------------------------------
IP: 34.117.65.55
Type: Destination IP
Hop Count: 0
Geolocation: United States
ISP: AS396982 Google LLC
--------------------------------------------------
IP: 140.82.112.3
Type: Destination IP
Hop Count: 0
Geolocation: United States
ISP: AS36459 GitHub, Inc.
--------------------------------------------------
IP: 192.168.200.186
Type: Destination IP
Hop Count: 0
Geolocation: Unknown
ISP: Unknown
--------------------------------------------------
IP: 224.0.0.251
Type: Destination IP
Hop Count: 0
Geolocation: Unknown
ISP: Unknown
--------------------------------------------------
IP: 192.229.211.108
Type: Destination IP
Hop Count: 0
Geolocation: United States
ISP: AS15133 Edgecast Inc.
--------------------------------------------------
IP: 34.107.221.82
Type: Destination IP
Hop Count: 0
Geolocation: United States
ISP: AS396982 Google LLC
--------------------------------------------------
IP: 91.203.5.165
Type: Destination IP
Hop Count: 0
Geolocation: Ukraine
ISP: AS44820 Denis Pavlovich Semenyuk
--------------------------------------------------
